C51 COMPILER V9.52.0.0   DELAY                                                             09/22/2015 13:47:27 PAGE 1   


C51 COMPILER V9.52.0.0, COMPILATION OF MODULE DELAY
OBJECT MODULE PLACED IN Delay.OBJ
COMPILER INVOKED BY: D:\Keil_v5\C51\BIN\C51.EXE Delay.c OPTIMIZE(8,SPEED) BROWSE DEBUG OBJECTEXTEND TABS(2) PREPRINT

line level    source

   1          #include "delay.h"
   2          unsigned char S1 = 0;
   3          unsigned char S5 = 0;
   4          unsigned char T5 = 0;
   5          void TimeInit()
   6          {
   7   1        TH0 = (65536-5000)/256;
   8   1        TL0 = (65536-5000)%256;
   9   1        TMOD = 0x01;
  10   1        ET0=1; EA = 1; TR0 = 1;
  11   1      }
  12          
  13          sbit P3_0 =  P3^0;
  14          void InterTime1() interrupt 1
  15          {
  16   1        static unsigned char t1;
  17   1        TH0 = (65536-50000)/256;
  18   1        TL0 = (65536-50000)%256;
  19   1        t1++;T5++;
  20   1        if(t1 == 10)
  21   1        {
  22   2          t1 = 0;
  23   2          S1 = !S1;
  24   2        }
  25   1        if(T5==50)
  26   1        {
  27   2          T5=0;
  28   2          S5=1;
  29   2        }
  30   1      }
  31          void delay_ms(unsigned char i)
  32          {
  33   1        unsigned int j;
  34   1        for(;i>0;i--)
  35   1        for(j=0;j<125;j++)
  36   1        {;}
  37   1      }
  38          
  39          void delay(unsigned char n)
  40          {     
  41   1        while(n--) _nop_();
  42   1      }


MODULE INFORMATION:   STATIC OVERLAYABLE
   CODE SIZE        =    107    ----
   CONSTANT SIZE    =   ----    ----
   XDATA SIZE       =   ----    ----
   PDATA SIZE       =   ----    ----
   DATA SIZE        =      4    ----
   IDATA SIZE       =   ----    ----
   BIT SIZE         =   ----    ----
END OF MODULE INFORMATION.


C51 COMPILATION COMPLETE.  0 WARNING(S),  0 ERROR(S)
