C51 COMPILER V9.52.0.0   DISPLAY                                                           09/22/2015 13:52:18 PAGE 1   


C51 COMPILER V9.52.0.0, COMPILATION OF MODULE DISPLAY
OBJECT MODULE PLACED IN DisPlay.OBJ
COMPILER INVOKED BY: D:\Keil_v5\C51\BIN\C51.EXE DisPlay.c OPTIMIZE(8,SPEED) BROWSE DEBUG OBJECTEXTEND TABS(2) PREPRINT

line level    source

   1          #include "display.h"
   2          #include "mian.h"
   3          #include "ds1302.h"
   4          
   5          void DisF(uchar n)
   6          {
   7   1                SMG_display(0, 11);
   8   1                SMG_display(10, 10);
   9   1                SMG_display(11, n);
  10   1      }


MODULE INFORMATION:   STATIC OVERLAYABLE
   CODE SIZE        =     23    ----
   CONSTANT SIZE    =   ----    ----
   XDATA SIZE       =   ----    ----
   PDATA SIZE       =   ----    ----
   DATA SIZE        =   ----       1
   IDATA SIZE       =   ----    ----
   BIT SIZE         =   ----    ----
END OF MODULE INFORMATION.


C51 COMPILATION COMPLETE.  0 WARNING(S),  0 ERROR(S)
