C51 COMPILER V9.52.0.0   KEY                                                               09/22/2015 13:47:27 PAGE 1   


C51 COMPILER V9.52.0.0, COMPILATION OF MODULE KEY
OBJECT MODULE PLACED IN Key.OBJ
COMPILER INVOKED BY: D:\Keil_v5\C51\BIN\C51.EXE Key.c OPTIMIZE(8,SPEED) BROWSE DEBUG OBJECTEXTEND TABS(2) PREPRINT

line level    source

   1          #include "key.h"
   2          
   3          
   4          unsigned char KeyScan()//按键扫描程序
   5          {
   6   1        unsigned char hCode, lCode;
   7   1        P0 = 0xf8;
   8   1        if ((P0 & 0xf8) != 0xf8)
   9   1        {
  10   2          if ((P0 & 0xf8) != 0xf8)
  11   2          {
  12   3            hCode = 0xfe;
  13   3            while ((hCode & 0x08) != 0x00)
  14   3            {
  15   4              P0 = hCode;
  16   4              if ((P0 & 0xf8) != 0xf8)
  17   4              {
  18   5                lCode = (P0 & 0xf8) | 0x07;
  19   5                return ~hCode + ~lCode;
  20   5              }
  21   4              else
  22   4                hCode = _crol_(hCode, 1);//循环左移
  23   4            }
  24   3          }
  25   2        }
  26   1        return 0;
  27   1      }
  28          
  29          unsigned char KeyGet()
  30          {
  31   1        static unsigned char KeyPress;
  32   1        unsigned char Key;
  33   1        Key = KeyScan();
  34   1        if (Key) KeyPress = Key;
  35   1        else if (KeyPress)//松开检测
  36   1        {
  37   2          Key = KeyPress;
  38   2          KeyPress = 0;
  39   2          return Key;//返回键值
  40   2        }
  41   1        return 0;
  42   1      }
  43          
  44          
  45          
  46          
  47          


MODULE INFORMATION:   STATIC OVERLAYABLE
   CODE SIZE        =     85    ----
   CONSTANT SIZE    =   ----    ----
   XDATA SIZE       =   ----    ----
   PDATA SIZE       =   ----    ----
   DATA SIZE        =      1    ----
C51 COMPILER V9.52.0.0   KEY                                                               09/22/2015 13:47:27 PAGE 2   

   IDATA SIZE       =   ----    ----
   BIT SIZE         =   ----    ----
END OF MODULE INFORMATION.


C51 COMPILATION COMPLETE.  0 WARNING(S),  0 ERROR(S)
