Added Component: Designator=BT1(CR2032-2)
Added Component: Designator=C1(RAD-0.3)
Added Component: Designator=C2(RAD-0.3)
Added Component: Designator=C3(RAD-0.3)
Added Component: Designator=C4(22U1)
Added Component: Designator=C5(RAD-0.3)
Added Component: Designator=C6(RAD-0.3)
Added Component: Designator=C7(22U1)
Added Component: Designator=C8(RAD-0.3)
Added Component: Designator=C9(RAD-0.3)
Added Component: Designator=C10(RAD-0.3)
Added Component: Designator=C11(RAD-0.3)
Added Component: Designator=C12(RAD-0.3)
Added Component: Designator=C14(RAD-0.3)
Added Component: Designator=C15(RB7.6-15)
Added Component: Designator=C16(RAD-0.3)
Added Component: Designator=IC4(DIP8)
Added Component: Designator=J1(GDK)
Added Component: Designator=J2(GDK)
Added Component: Designator=J3(GDK)
Added Component: Designator=J4(GDK)
Added Component: Designator=J5(VOICE-1)
Added Component: Designator=P1(VOICE-1)
Added Component: Designator=R1(AXIAL-0.4)
Added Component: Designator=R2(AXIAL-0.4)
Added Component: Designator=R3(AXIAL-0.4)
Added Component: Designator=R4(AXIAL-0.4)
Added Component: Designator=R5(AXIAL-0.4)
Added Component: Designator=R6(AXIAL-0.4)
Added Component: Designator=R7(AXIAL-0.4)
Added Component: Designator=R8(AXIAL-0.4)
Added Component: Designator=R9(0805R)
Added Component: Designator=R10(AXIAL-0.4)
Added Component: Designator=R11(AXIAL-0.4)
Added Component: Designator=R12(AXIAL-0.4)
Added Component: Designator=R13(AXIAL-0.4)
Added Component: Designator=R14(AXIAL-0.4)
Added Component: Designator=R15(AXIAL-0.4)
Added Component: Designator=R16(AXIAL-0.4)
Added Component: Designator=R17(AXIAL-0.4)
Added Component: Designator=R18(AXIAL-0.4)
Added Component: Designator=R19(AXIAL-0.4)
Added Component: Designator=R24(AXIAL-0.4)
Added Component: Designator=R25(AXIAL-0.4)
Added Component: Designator=R26(AXIAL-0.4)
Added Component: Designator=R27(AXIAL-0.4)
Added Component: Designator=R28(AXIAL-0.4)
Added Component: Designator=R29(AXIAL-0.4)
Added Component: Designator=R30(AXIAL-0.4)
Added Component: Designator=R31(AXIAL-0.4)
Added Component: Designator=R32(AXIAL-0.4)
Added Component: Designator=R33(AXIAL-0.4)
Added Component: Designator=R34(AXIAL-0.4)
Added Component: Designator=R35(AXIAL-0.4)
Added Component: Designator=R36(AXIAL-0.4)
Added Component: Designator=S1(PUSH12)
Added Component: Designator=S2(PUSH12)
Added Component: Designator=S3(PUSH12)
Added Component: Designator=S4(PUSH12)
Added Component: Designator=S5(PUSH12)
Added Component: Designator=S6(PUSH12)
Added Component: Designator=S7(PUSH12)
Added Component: Designator=S8(PUSH12)
Added Component: Designator=S9(PUSH12)
Added Component: Designator=S10(PUSH12)
Added Component: Designator=S11(PUSH12)
Added Component: Designator=S12(PUSH12)
Added Component: Designator=S13(PUSH12)
Added Component: Designator=U1(DIP40)
Added Component: Designator=U2(DIP20)
Added Component: Designator=U3(5462B)
Added Component: Designator=U4(5462B)
Added Component: Designator=U5(5462B)
Added Component: Designator=U7(DIP20)
Added Component: Designator=U8(DIP20)
Added Component: Designator=U9(DIP8)
Added Component: Designator=U?(3121B)
Added Component: Designator=X1(X2)
Added Component: Designator=Y1(OSC2PR-1)
Added Pin To Net: NetName=BJ1 Pin=R25-1
Added Pin To Net: NetName=BJ1 Pin=S1-1
Added Pin To Net: NetName=BJ1 Pin=S1-2
Added Pin To Net: NetName=BJ1 Pin=U1-10
Added Net: Name=BJ1
Added Pin To Net: NetName=BJ2 Pin=R26-1
Added Pin To Net: NetName=BJ2 Pin=S2-1
Added Pin To Net: NetName=BJ2 Pin=S2-2
Added Pin To Net: NetName=BJ2 Pin=U1-11
Added Net: Name=BJ2
Added Pin To Net: NetName=BJ3 Pin=R27-1
Added Pin To Net: NetName=BJ3 Pin=S3-1
Added Pin To Net: NetName=BJ3 Pin=S3-2
Added Pin To Net: NetName=BJ3 Pin=U1-13
Added Net: Name=BJ3
Added Pin To Net: NetName=BJ4 Pin=R28-1
Added Pin To Net: NetName=BJ4 Pin=S4-1
Added Pin To Net: NetName=BJ4 Pin=S4-2
Added Pin To Net: NetName=BJ4 Pin=U1-12
Added Net: Name=BJ4
Added Pin To Net: NetName=DA Pin=R5-2
Added Pin To Net: NetName=DA Pin=U3-a
Added Pin To Net: NetName=DA Pin=U4-a
Added Pin To Net: NetName=DA Pin=U5-a
Added Pin To Net: NetName=DA Pin=U?-a
Added Net: Name=DA
Added Pin To Net: NetName=DB Pin=R6-2
Added Pin To Net: NetName=DB Pin=U3-b
Added Pin To Net: NetName=DB Pin=U4-b
Added Pin To Net: NetName=DB Pin=U5-b
Added Pin To Net: NetName=DB Pin=U?-b
Added Net: Name=DB
Added Pin To Net: NetName=DC Pin=R7-2
Added Pin To Net: NetName=DC Pin=U3-c
Added Pin To Net: NetName=DC Pin=U4-c
Added Pin To Net: NetName=DC Pin=U5-c
Added Pin To Net: NetName=DC Pin=U?-c
Added Net: Name=DC
Added Pin To Net: NetName=DD Pin=R8-2
Added Pin To Net: NetName=DD Pin=U3-d
Added Pin To Net: NetName=DD Pin=U4-d
Added Pin To Net: NetName=DD Pin=U5-d
Added Pin To Net: NetName=DD Pin=U?-d
Added Net: Name=DD
Added Pin To Net: NetName=DE Pin=R10-2
Added Pin To Net: NetName=DE Pin=U3-e
Added Pin To Net: NetName=DE Pin=U4-e
Added Pin To Net: NetName=DE Pin=U5-e
Added Pin To Net: NetName=DE Pin=U?-e
Added Net: Name=DE
Added Pin To Net: NetName=DF Pin=R12-2
Added Pin To Net: NetName=DF Pin=U3-f
Added Pin To Net: NetName=DF Pin=U4-f
Added Pin To Net: NetName=DF Pin=U5-f
Added Pin To Net: NetName=DF Pin=U?-f
Added Net: Name=DF
Added Pin To Net: NetName=DG Pin=R13-2
Added Pin To Net: NetName=DG Pin=U3-g
Added Pin To Net: NetName=DG Pin=U4-g
Added Pin To Net: NetName=DG Pin=U5-g
Added Pin To Net: NetName=DG Pin=U?-g
Added Net: Name=DG
Added Pin To Net: NetName=DP Pin=C1-2
Added Pin To Net: NetName=DP Pin=C2-2
Added Pin To Net: NetName=DP Pin=C3-2
Added Pin To Net: NetName=DP Pin=C4-1
Added Pin To Net: NetName=DP Pin=C6-1
Added Pin To Net: NetName=DP Pin=C7-1
Added Pin To Net: NetName=DP Pin=C9-2
Added Pin To Net: NetName=DP Pin=C12-2
Added Pin To Net: NetName=DP Pin=C14-2
Added Pin To Net: NetName=DP Pin=C15-1
Added Pin To Net: NetName=DP Pin=IC4-1
Added Pin To Net: NetName=DP Pin=P1-2
Added Pin To Net: NetName=DP Pin=R1-2
Added Pin To Net: NetName=DP Pin=R2-2
Added Pin To Net: NetName=DP Pin=R3-2
Added Pin To Net: NetName=DP Pin=R4-2
Added Pin To Net: NetName=DP Pin=R11-1
Added Pin To Net: NetName=DP Pin=R15-2
Added Pin To Net: NetName=DP Pin=R16-2
Added Pin To Net: NetName=DP Pin=R17-2
Added Pin To Net: NetName=DP Pin=R18-2
Added Pin To Net: NetName=DP Pin=R19-2
Added Pin To Net: NetName=DP Pin=R24-2
Added Pin To Net: NetName=DP Pin=R25-2
Added Pin To Net: NetName=DP Pin=R26-2
Added Pin To Net: NetName=DP Pin=R27-2
Added Pin To Net: NetName=DP Pin=R28-2
Added Pin To Net: NetName=DP Pin=R29-2
Added Pin To Net: NetName=DP Pin=R30-2
Added Pin To Net: NetName=DP Pin=R31-2
Added Pin To Net: NetName=DP Pin=R32-2
Added Pin To Net: NetName=DP Pin=R33-2
Added Pin To Net: NetName=DP Pin=U1-40
Added Pin To Net: NetName=DP Pin=U3-dp
Added Pin To Net: NetName=DP Pin=U4-dp
Added Pin To Net: NetName=DP Pin=U5-dp
Added Pin To Net: NetName=DP Pin=U7-19
Added Pin To Net: NetName=DP Pin=U7-20
Added Pin To Net: NetName=DP Pin=U8-19
Added Pin To Net: NetName=DP Pin=U8-20
Added Pin To Net: NetName=DP Pin=U9-8
Added Pin To Net: NetName=DP Pin=U?-dp
Added Net: Name=DP
Added Pin To Net: NetName=GND Pin=BT1-2
Added Pin To Net: NetName=GND Pin=C1-1
Added Pin To Net: NetName=GND Pin=C2-1
Added Pin To Net: NetName=GND Pin=C3-1
Added Pin To Net: NetName=GND Pin=C5-2
Added Pin To Net: NetName=GND Pin=C6-2
Added Pin To Net: NetName=GND Pin=C7-2
Added Pin To Net: NetName=GND Pin=C8-1
Added Pin To Net: NetName=GND Pin=C9-1
Added Pin To Net: NetName=GND Pin=C10-2
Added Pin To Net: NetName=GND Pin=C11-1
Added Pin To Net: NetName=GND Pin=C12-1
Added Pin To Net: NetName=GND Pin=C14-1
Added Pin To Net: NetName=GND Pin=C15-2
Added Pin To Net: NetName=GND Pin=IC4-4
Added Pin To Net: NetName=GND Pin=J5-1
Added Pin To Net: NetName=GND Pin=P1-1
Added Pin To Net: NetName=GND Pin=R9-1
Added Pin To Net: NetName=GND Pin=R35-2
Added Pin To Net: NetName=GND Pin=R36-1
Added Pin To Net: NetName=GND Pin=U1-20
Added Pin To Net: NetName=GND Pin=U2-12
Added Pin To Net: NetName=GND Pin=U7-1
Added Pin To Net: NetName=GND Pin=U7-10
Added Pin To Net: NetName=GND Pin=U8-1
Added Pin To Net: NetName=GND Pin=U8-10
Added Pin To Net: NetName=GND Pin=U9-1
Added Pin To Net: NetName=GND Pin=U9-2
Added Pin To Net: NetName=GND Pin=U9-3
Added Pin To Net: NetName=GND Pin=U9-4
Added Pin To Net: NetName=GND Pin=U9-7
Added Net: Name=GND
Added Pin To Net: NetName=IO Pin=R16-1
Added Pin To Net: NetName=IO Pin=U1-15
Added Net: Name=IO
Added Pin To Net: NetName=KEY1 Pin=R29-1
Added Pin To Net: NetName=KEY1 Pin=S5-3
Added Pin To Net: NetName=KEY1 Pin=S5-4
Added Pin To Net: NetName=KEY1 Pin=S8-3
Added Pin To Net: NetName=KEY1 Pin=S8-4
Added Pin To Net: NetName=KEY1 Pin=S11-3
Added Pin To Net: NetName=KEY1 Pin=S11-4
Added Pin To Net: NetName=KEY1 Pin=U1-39
Added Net: Name=KEY1
Added Pin To Net: NetName=KEY2 Pin=R30-1
Added Pin To Net: NetName=KEY2 Pin=S6-3
Added Pin To Net: NetName=KEY2 Pin=S6-4
Added Pin To Net: NetName=KEY2 Pin=S9-3
Added Pin To Net: NetName=KEY2 Pin=S9-4
Added Pin To Net: NetName=KEY2 Pin=S12-3
Added Pin To Net: NetName=KEY2 Pin=S12-4
Added Pin To Net: NetName=KEY2 Pin=U1-38
Added Net: Name=KEY2
Added Pin To Net: NetName=KEY3 Pin=R31-1
Added Pin To Net: NetName=KEY3 Pin=S7-3
Added Pin To Net: NetName=KEY3 Pin=S7-4
Added Pin To Net: NetName=KEY3 Pin=S10-3
Added Pin To Net: NetName=KEY3 Pin=S10-4
Added Pin To Net: NetName=KEY3 Pin=S13-3
Added Pin To Net: NetName=KEY3 Pin=S13-4
Added Pin To Net: NetName=KEY3 Pin=U1-37
Added Net: Name=KEY3
Added Pin To Net: NetName=KEY4 Pin=R32-1
Added Pin To Net: NetName=KEY4 Pin=S5-1
Added Pin To Net: NetName=KEY4 Pin=S5-2
Added Pin To Net: NetName=KEY4 Pin=S6-1
Added Pin To Net: NetName=KEY4 Pin=S6-2
Added Pin To Net: NetName=KEY4 Pin=S7-1
Added Pin To Net: NetName=KEY4 Pin=S7-2
Added Pin To Net: NetName=KEY4 Pin=U1-36
Added Net: Name=KEY4
Added Pin To Net: NetName=KEY5 Pin=R33-1
Added Pin To Net: NetName=KEY5 Pin=S8-1
Added Pin To Net: NetName=KEY5 Pin=S8-2
Added Pin To Net: NetName=KEY5 Pin=S9-1
Added Pin To Net: NetName=KEY5 Pin=S9-2
Added Pin To Net: NetName=KEY5 Pin=S10-1
Added Pin To Net: NetName=KEY5 Pin=S10-2
Added Pin To Net: NetName=KEY5 Pin=U1-35
Added Net: Name=KEY5
Added Pin To Net: NetName=KEY6 Pin=R24-1
Added Pin To Net: NetName=KEY6 Pin=S11-1
Added Pin To Net: NetName=KEY6 Pin=S11-2
Added Pin To Net: NetName=KEY6 Pin=U1-34
Added Net: Name=KEY6
Added Pin To Net: NetName=LEDA Pin=U7-12
Added Net: Name=LEDA
Added Pin To Net: NetName=MRST Pin=C4-2
Added Pin To Net: NetName=MRST Pin=R9-2
Added Pin To Net: NetName=MRST Pin=U1-9
Added Net: Name=MRST
Added Pin To Net: NetName=NetBT1_1 Pin=BT1-1
Added Pin To Net: NetName=NetBT1_1 Pin=IC4-8
Added Net: Name=NetBT1_1
Added Pin To Net: NetName=NetC5_1 Pin=C5-1
Added Pin To Net: NetName=NetC5_1 Pin=U1-19
Added Pin To Net: NetName=NetC5_1 Pin=Y1-2
Added Net: Name=NetC5_1
Added Pin To Net: NetName=NetC8_2 Pin=C8-2
Added Pin To Net: NetName=NetC8_2 Pin=U1-18
Added Pin To Net: NetName=NetC8_2 Pin=Y1-1
Added Net: Name=NetC8_2
Added Pin To Net: NetName=NetC10_1 Pin=C10-1
Added Pin To Net: NetName=NetC10_1 Pin=IC4-2
Added Pin To Net: NetName=NetC10_1 Pin=X1-2
Added Net: Name=NetC10_1
Added Pin To Net: NetName=NetC11_2 Pin=C11-2
Added Pin To Net: NetName=NetC11_2 Pin=IC4-3
Added Pin To Net: NetName=NetC11_2 Pin=X1-1
Added Net: Name=NetC11_2
Added Pin To Net: NetName=NetC16_2 Pin=C16-2
Added Pin To Net: NetName=NetC16_2 Pin=R34-1
Added Net: Name=NetC16_2
Added Pin To Net: NetName=NetJ5_2 Pin=J5-2
Added Pin To Net: NetName=NetJ5_2 Pin=R34-2
Added Pin To Net: NetName=NetJ5_2 Pin=R35-1
Added Net: Name=NetJ5_2
Added Pin To Net: NetName=NetR5_1 Pin=R5-1
Added Pin To Net: NetName=NetR5_1 Pin=U1-21
Added Net: Name=NetR5_1
Added Pin To Net: NetName=NetR6_1 Pin=R6-1
Added Pin To Net: NetName=NetR6_1 Pin=U1-22
Added Net: Name=NetR6_1
Added Pin To Net: NetName=NetR7_1 Pin=R7-1
Added Pin To Net: NetName=NetR7_1 Pin=U1-23
Added Net: Name=NetR7_1
Added Pin To Net: NetName=NetR8_1 Pin=R8-1
Added Pin To Net: NetName=NetR8_1 Pin=U1-24
Added Net: Name=NetR8_1
Added Pin To Net: NetName=NetR10_1 Pin=R10-1
Added Pin To Net: NetName=NetR10_1 Pin=U1-25
Added Net: Name=NetR10_1
Added Pin To Net: NetName=NetR11_2 Pin=R11-2
Added Pin To Net: NetName=NetR11_2 Pin=U1-31
Added Net: Name=NetR11_2
Added Pin To Net: NetName=NetR12_1 Pin=R12-1
Added Pin To Net: NetName=NetR12_1 Pin=U1-26
Added Net: Name=NetR12_1
Added Pin To Net: NetName=NetR13_1 Pin=R13-1
Added Pin To Net: NetName=NetR13_1 Pin=U1-27
Added Net: Name=NetR13_1
Added Pin To Net: NetName=NetR14_1 Pin=R14-1
Added Pin To Net: NetName=NetR14_1 Pin=U1-28
Added Net: Name=NetR14_1
Added Pin To Net: NetName=NetS1_3 Pin=S1-3
Added Pin To Net: NetName=NetS1_3 Pin=S1-4
Added Pin To Net: NetName=NetS1_3 Pin=S2-3
Added Pin To Net: NetName=NetS1_3 Pin=S2-4
Added Pin To Net: NetName=NetS1_3 Pin=S3-3
Added Pin To Net: NetName=NetS1_3 Pin=S3-4
Added Pin To Net: NetName=NetS1_3 Pin=S4-3
Added Pin To Net: NetName=NetS1_3 Pin=S4-4
Added Net: Name=NetS1_3
Added Pin To Net: NetName=NetS12_1 Pin=S12-1
Added Pin To Net: NetName=NetS12_1 Pin=S12-2
Added Net: Name=NetS12_1
Added Pin To Net: NetName=NetS13_1 Pin=S13-1
Added Pin To Net: NetName=NetS13_1 Pin=S13-2
Added Net: Name=NetS13_1
Added Pin To Net: NetName=RST Pin=R17-1
Added Pin To Net: NetName=RST Pin=U1-16
Added Net: Name=RST
Added Pin To Net: NetName=S1_1 Pin=U8-9
Added Net: Name=S1_1
Added Pin To Net: NetName=S1_2 Pin=U8-7
Added Net: Name=S1_2
Added Pin To Net: NetName=S1_3 Pin=U8-5
Added Net: Name=S1_3
Added Pin To Net: NetName=S1_4 Pin=U8-3
Added Net: Name=S1_4
Added Pin To Net: NetName=S2_1 Pin=U4-com1
Added Pin To Net: NetName=S2_1 Pin=U8-18
Added Net: Name=S2_1
Added Pin To Net: NetName=S2_2 Pin=U4-com2
Added Pin To Net: NetName=S2_2 Pin=U8-16
Added Net: Name=S2_2
Added Pin To Net: NetName=S2_3 Pin=U4-com3
Added Pin To Net: NetName=S2_3 Pin=U8-14
Added Net: Name=S2_3
Added Pin To Net: NetName=S2_4 Pin=U4-com4
Added Pin To Net: NetName=S2_4 Pin=U8-12
Added Net: Name=S2_4
Added Pin To Net: NetName=S3_1 Pin=U7-18
Added Net: Name=S3_1
Added Pin To Net: NetName=S3_2 Pin=U7-16
Added Net: Name=S3_2
Added Pin To Net: NetName=S3_3 Pin=U7-14
Added Net: Name=S3_3
Added Pin To Net: NetName=S4 Pin=U7-9
Added Pin To Net: NetName=S4 Pin=U?-com1
Added Pin To Net: NetName=S4 Pin=U?-com2
Added Net: Name=S4
Added Pin To Net: NetName=SCLK Pin=R15-1
Added Pin To Net: NetName=SCLK Pin=U1-14
Added Net: Name=SCLK
Added Pin To Net: NetName=SCL Pin=R18-1
Added Pin To Net: NetName=SCL Pin=U1-33
Added Pin To Net: NetName=SCL Pin=U9-6
Added Net: Name=SCL
Added Pin To Net: NetName=SD1 Pin=R1-1
Added Pin To Net: NetName=SD1 Pin=U1-1
Added Pin To Net: NetName=SD1 Pin=U2-2
Added Net: Name=SD1
Added Pin To Net: NetName=SD2 Pin=R2-1
Added Pin To Net: NetName=SD2 Pin=U1-2
Added Pin To Net: NetName=SD2 Pin=U2-3
Added Net: Name=SD2
Added Pin To Net: NetName=SD3 Pin=R3-1
Added Pin To Net: NetName=SD3 Pin=U1-3
Added Net: Name=SD3
Added Pin To Net: NetName=SD4 Pin=R4-1
Added Pin To Net: NetName=SD4 Pin=U1-4
Added Net: Name=SD4
Added Pin To Net: NetName=SDA Pin=R19-1
Added Pin To Net: NetName=SDA Pin=U1-32
Added Pin To Net: NetName=SDA Pin=U9-5
Added Net: Name=SDA
Added Pin To Net: NetName=SI1_1 Pin=U2-11
Added Pin To Net: NetName=SI1_1 Pin=U3-com1
Added Pin To Net: NetName=SI1_1 Pin=U8-11
Added Net: Name=SI1_1
Added Pin To Net: NetName=SI1_2 Pin=U2-9
Added Pin To Net: NetName=SI1_2 Pin=U3-com2
Added Pin To Net: NetName=SI1_2 Pin=U8-13
Added Net: Name=SI1_2
Added Pin To Net: NetName=SI1_3 Pin=U2-10
Added Pin To Net: NetName=SI1_3 Pin=U3-com3
Added Pin To Net: NetName=SI1_3 Pin=U8-15
Added Net: Name=SI1_3
Added Pin To Net: NetName=SI1_4 Pin=U2-8
Added Pin To Net: NetName=SI1_4 Pin=U3-com4
Added Pin To Net: NetName=SI1_4 Pin=U8-17
Added Net: Name=SI1_4
Added Pin To Net: NetName=SI2_1 Pin=U2-7
Added Pin To Net: NetName=SI2_1 Pin=U8-2
Added Net: Name=SI2_1
Added Pin To Net: NetName=SI2_2 Pin=U2-6
Added Pin To Net: NetName=SI2_2 Pin=U8-4
Added Net: Name=SI2_2
Added Pin To Net: NetName=SI2_3 Pin=U2-5
Added Pin To Net: NetName=SI2_3 Pin=U8-6
Added Net: Name=SI2_3
Added Pin To Net: NetName=SI2_4 Pin=U2-4
Added Pin To Net: NetName=SI2_4 Pin=U8-8
Added Net: Name=SI2_4
Added Pin To Net: NetName=SI3_1 Pin=U2-18
Added Pin To Net: NetName=SI3_1 Pin=U5-com1
Added Pin To Net: NetName=SI3_1 Pin=U7-2
Added Net: Name=SI3_1
Added Pin To Net: NetName=SI3_2 Pin=U2-17
Added Pin To Net: NetName=SI3_2 Pin=U5-com2
Added Pin To Net: NetName=SI3_2 Pin=U7-4
Added Net: Name=SI3_2
Added Pin To Net: NetName=SI3_3 Pin=U2-20
Added Pin To Net: NetName=SI3_3 Pin=U5-com3
Added Pin To Net: NetName=SI3_3 Pin=U7-6
Added Net: Name=SI3_3
Added Pin To Net: NetName=SI3_4 Pin=U2-19
Added Pin To Net: NetName=SI3_4 Pin=U5-com4
Added Pin To Net: NetName=SI3_4 Pin=U7-8
Added Net: Name=SI3_4
Added Pin To Net: NetName=SI4 Pin=U2-14
Added Pin To Net: NetName=SI4 Pin=U7-11
Added Net: Name=SI4
Added Pin To Net: NetName=VOICE1 Pin=U1-5
Added Net: Name=VOICE1
Added Pin To Net: NetName=VOICE2 Pin=U1-6
Added Net: Name=VOICE2
Added Pin To Net: NetName=VOICE3 Pin=U1-7
Added Net: Name=VOICE3
Added Pin To Net: NetName=VOICE4 Pin=U1-8
Added Net: Name=VOICE4
Added Pin To Net: NetName=VOICEOUT Pin=C16-1
Added Pin To Net: NetName=VOICEOUT Pin=R36-2
Added Net: Name=VOICEOUT
Added Class: Name=Ö÷°å
Added Room: Name=Ö÷°å
