Replace Part BT1 Battery in C:\Users\jason\Desktop\短学期\Project\主板.SchDoc with Battery from mian.SchLib
Replace Part C1 Cap in C:\Users\jason\Desktop\短学期\Project\主板.SchDoc with Cap from Miscellaneous Devices.IntLib
Replace Part C2 Cap in C:\Users\jason\Desktop\短学期\Project\主板.SchDoc with Cap from Miscellaneous Devices.IntLib
Replace Part C3 Cap in C:\Users\jason\Desktop\短学期\Project\主板.SchDoc with Cap from Miscellaneous Devices.IntLib
Replace Part C4 CAPACITOR POL in C:\Users\jason\Desktop\短学期\Project\主板.SchDoc with CAPACITOR POL from mian.SchLib
Replace Part C5 Cap in C:\Users\jason\Desktop\短学期\Project\主板.SchDoc with Cap from Miscellaneous Devices.IntLib
Replace Part C6 Cap in C:\Users\jason\Desktop\短学期\Project\主板.SchDoc with Cap from Miscellaneous Devices.IntLib
Replace Part C7 CAPACITOR POL in C:\Users\jason\Desktop\短学期\Project\主板.SchDoc with CAPACITOR POL from mian.SchLib
Replace Part C8 Cap in C:\Users\jason\Desktop\短学期\Project\主板.SchDoc with Cap from Miscellaneous Devices.IntLib
Replace Part C9 Cap in C:\Users\jason\Desktop\短学期\Project\主板.SchDoc with Cap from Miscellaneous Devices.IntLib
Replace Part C10 Cap in C:\Users\jason\Desktop\短学期\Project\主板.SchDoc with Cap from Miscellaneous Devices.IntLib
Replace Part C11 Cap in C:\Users\jason\Desktop\短学期\Project\主板.SchDoc with Cap from Miscellaneous Devices.IntLib
Replace Part C12 Cap in C:\Users\jason\Desktop\短学期\Project\主板.SchDoc with Cap from Miscellaneous Devices.IntLib
Replace Part C14 Cap in C:\Users\jason\Desktop\短学期\Project\主板.SchDoc with Cap from Miscellaneous Devices.IntLib
Replace Part C15 Cap Pol1 in C:\Users\jason\Desktop\短学期\Project\主板.SchDoc with Cap Pol1 from Miscellaneous Devices.IntLib
Replace Part C16 Cap in C:\Users\jason\Desktop\短学期\Project\主板.SchDoc with Cap from Miscellaneous Devices.IntLib
Replace Part IC4 DS1302 in C:\Users\jason\Desktop\短学期\Project\主板.SchDoc with DS1302 from mian.SchLib
Replace Part J1 CON1 in C:\Users\jason\Desktop\短学期\Project\主板.SchDoc with CON1 from mian.SchLib
Replace Part J2 CON1 in C:\Users\jason\Desktop\短学期\Project\主板.SchDoc with CON1 from mian.SchLib
Replace Part J3 CON1 in C:\Users\jason\Desktop\短学期\Project\主板.SchDoc with CON1 from mian.SchLib
Replace Part J4 CON1 in C:\Users\jason\Desktop\短学期\Project\主板.SchDoc with CON1 from mian.SchLib
Replace Part J5 CON2 in C:\Users\jason\Desktop\短学期\Project\主板.SchDoc with CON2 from gf-sch.SchLib
Replace Part P1 CON2 in C:\Users\jason\Desktop\短学期\Project\主板.SchDoc with CON2 from gf-sch.SchLib
Replace Part R1 Res2 in C:\Users\jason\Desktop\短学期\Project\主板.SchDoc with Res2 from Miscellaneous Devices.IntLib
Replace Part R2 Res2 in C:\Users\jason\Desktop\短学期\Project\主板.SchDoc with Res2 from Miscellaneous Devices.IntLib
Replace Part R3 Res2 in C:\Users\jason\Desktop\短学期\Project\主板.SchDoc with Res2 from Miscellaneous Devices.IntLib
Replace Part R4 Res2 in C:\Users\jason\Desktop\短学期\Project\主板.SchDoc with Res2 from Miscellaneous Devices.IntLib
Replace Part R5 Res2 in C:\Users\jason\Desktop\短学期\Project\主板.SchDoc with Res2 from Miscellaneous Devices.IntLib
Replace Part R6 Res2 in C:\Users\jason\Desktop\短学期\Project\主板.SchDoc with Res2 from Miscellaneous Devices.IntLib
Replace Part R7 Res2 in C:\Users\jason\Desktop\短学期\Project\主板.SchDoc with Res2 from Miscellaneous Devices.IntLib
Replace Part R8 Res2 in C:\Users\jason\Desktop\短学期\Project\主板.SchDoc with Res2 from Miscellaneous Devices.IntLib
Replace Part R9 R-10K in C:\Users\jason\Desktop\短学期\Project\主板.SchDoc with R-10K from mian.SchLib
Replace Part R10 Res2 in C:\Users\jason\Desktop\短学期\Project\主板.SchDoc with Res2 from Miscellaneous Devices.IntLib
Replace Part R11 Res2 in C:\Users\jason\Desktop\短学期\Project\主板.SchDoc with Res2 from Miscellaneous Devices.IntLib
Replace Part R12 Res2 in C:\Users\jason\Desktop\短学期\Project\主板.SchDoc with Res2 from Miscellaneous Devices.IntLib
Replace Part R13 Res2 in C:\Users\jason\Desktop\短学期\Project\主板.SchDoc with Res2 from Miscellaneous Devices.IntLib
Replace Part R14 Res2 in C:\Users\jason\Desktop\短学期\Project\主板.SchDoc with Res2 from Miscellaneous Devices.IntLib
Replace Part R15 Res2 in C:\Users\jason\Desktop\短学期\Project\主板.SchDoc with Res2 from Miscellaneous Devices.IntLib
Replace Part R16 Res2 in C:\Users\jason\Desktop\短学期\Project\主板.SchDoc with Res2 from Miscellaneous Devices.IntLib
Replace Part R17 Res2 in C:\Users\jason\Desktop\短学期\Project\主板.SchDoc with Res2 from Miscellaneous Devices.IntLib
Replace Part R18 Res2 in C:\Users\jason\Desktop\短学期\Project\主板.SchDoc with Res2 from Miscellaneous Devices.IntLib
Replace Part R19 Res2 in C:\Users\jason\Desktop\短学期\Project\主板.SchDoc with Res2 from Miscellaneous Devices.IntLib
Replace Part R24 Res2 in C:\Users\jason\Desktop\短学期\Project\主板.SchDoc with Res2 from Miscellaneous Devices.IntLib
Replace Part R25 Res2 in C:\Users\jason\Desktop\短学期\Project\主板.SchDoc with Res2 from Miscellaneous Devices.IntLib
Replace Part R26 Res2 in C:\Users\jason\Desktop\短学期\Project\主板.SchDoc with Res2 from Miscellaneous Devices.IntLib
Replace Part R27 Res2 in C:\Users\jason\Desktop\短学期\Project\主板.SchDoc with Res2 from Miscellaneous Devices.IntLib
Replace Part R28 Res2 in C:\Users\jason\Desktop\短学期\Project\主板.SchDoc with Res2 from Miscellaneous Devices.IntLib
Replace Part R29 Res2 in C:\Users\jason\Desktop\短学期\Project\主板.SchDoc with Res2 from Miscellaneous Devices.IntLib
Replace Part R30 Res2 in C:\Users\jason\Desktop\短学期\Project\主板.SchDoc with Res2 from Miscellaneous Devices.IntLib
Replace Part R31 Res2 in C:\Users\jason\Desktop\短学期\Project\主板.SchDoc with Res2 from Miscellaneous Devices.IntLib
Replace Part R32 Res2 in C:\Users\jason\Desktop\短学期\Project\主板.SchDoc with Res2 from Miscellaneous Devices.IntLib
Replace Part R33 Res2 in C:\Users\jason\Desktop\短学期\Project\主板.SchDoc with Res2 from Miscellaneous Devices.IntLib
Replace Part R34 Res2 in C:\Users\jason\Desktop\短学期\Project\主板.SchDoc with Res2 from Miscellaneous Devices.IntLib
Replace Part R35 Res2 in C:\Users\jason\Desktop\短学期\Project\主板.SchDoc with Res2 from Miscellaneous Devices.IntLib
Replace Part R36 Res2 in C:\Users\jason\Desktop\短学期\Project\主板.SchDoc with Res2 from Miscellaneous Devices.IntLib
Replace Part R? Res2 in C:\Users\jason\Desktop\短学期\Project\主板.SchDoc with Res2 from Miscellaneous Devices.IntLib
Replace Part S1 KEY4 in C:\Users\jason\Desktop\短学期\Project\主板.SchDoc with KEY4 from mian.SchLib
Replace Part S2 KEY4 in C:\Users\jason\Desktop\短学期\Project\主板.SchDoc with KEY4 from mian.SchLib
Replace Part S3 KEY4 in C:\Users\jason\Desktop\短学期\Project\主板.SchDoc with KEY4 from mian.SchLib
Replace Part S4 KEY4 in C:\Users\jason\Desktop\短学期\Project\主板.SchDoc with KEY4 from mian.SchLib
Replace Part S5 KEY4 in C:\Users\jason\Desktop\短学期\Project\主板.SchDoc with KEY4 from mian.SchLib
Replace Part S6 KEY4 in C:\Users\jason\Desktop\短学期\Project\主板.SchDoc with KEY4 from mian.SchLib
Replace Part S7 KEY4 in C:\Users\jason\Desktop\短学期\Project\主板.SchDoc with KEY4 from mian.SchLib
Replace Part S8 KEY4 in C:\Users\jason\Desktop\短学期\Project\主板.SchDoc with KEY4 from mian.SchLib
Replace Part S9 KEY4 in C:\Users\jason\Desktop\短学期\Project\主板.SchDoc with KEY4 from mian.SchLib
Replace Part S10 KEY4 in C:\Users\jason\Desktop\短学期\Project\主板.SchDoc with KEY4 from mian.SchLib
Replace Part S11 KEY4 in C:\Users\jason\Desktop\短学期\Project\主板.SchDoc with KEY4 from mian.SchLib
Replace Part S12 KEY4 in C:\Users\jason\Desktop\短学期\Project\主板.SchDoc with KEY4 from mian.SchLib
Replace Part S13 KEY4 in C:\Users\jason\Desktop\短学期\Project\主板.SchDoc with KEY4 from mian.SchLib
Replace Part U1 AT89C52 in C:\Users\jason\Desktop\短学期\Project\主板.SchDoc with AT89C52 from mian.SchLib
Replace Part U2 4514 in C:\Users\jason\Desktop\短学期\Project\主板.SchDoc with 4514 from mian.SchLib
Replace Part U3 SR420561K in C:\Users\jason\Desktop\短学期\Project\主板.SchDoc with SR420561K from mian.SchLib
Replace Part U4 SR420561K in C:\Users\jason\Desktop\短学期\Project\主板.SchDoc with SR420561K from mian.SchLib
Replace Part U5 SR420561K in C:\Users\jason\Desktop\短学期\Project\主板.SchDoc with SR420561K from mian.SchLib
Replace Part U6 74LS241 in C:\Users\jason\Desktop\短学期\Project\主板.SchDoc with 74LS241 from mian.SchLib
Replace Part U7 74LS241 in C:\Users\jason\Desktop\短学期\Project\主板.SchDoc with 74LS241 from mian.SchLib
Replace Part U9 AT24C02 in C:\Users\jason\Desktop\短学期\Project\主板.SchDoc with AT24C02 from mian.SchLib
Replace Part U? SN450561K in C:\Users\jason\Desktop\短学期\Project\主板.SchDoc with SN450561K from mian.SchLib
Replace Part X1 XTAL1 in C:\Users\jason\Desktop\短学期\Project\主板.SchDoc with XTAL1 from mian.SchLib
Replace Part Y1 CRYSTAL in C:\Users\jason\Desktop\短学期\Project\主板.SchDoc with CRYSTAL from mian.SchLib
