Added Component: Designator=C1(3528C)
Added Component: Designator=C2(3528C)
Added Component: Designator=C3(0805C)
Added Component: Designator=C4(0805C)
Added Component: Designator=C5(3528C)
Added Component: Designator=C6(3528C)
Added Component: Designator=C7(0805C)
Added Component: Designator=C8(0805C)
Added Component: Designator=C9(C3216)
Added Component: Designator=C10(C3216)
Added Component: Designator=C11(C3216)
Added Component: Designator=C12(C3216)
Added Component: Designator=C13(0805C)
Added Component: Designator=C14(0805C)
Added Component: Designator=C15(C3216)
Added Component: Designator=C16(C3216)
Added Component: Designator=D1(M7)
Added Component: Designator=D2(M7)
Added Component: Designator=D3(M7)
Added Component: Designator=D4(M7)
Added Component: Designator=J1(VOICE-1)
Added Component: Designator=J2(POWER-1)
Added Component: Designator=J9(HB-95-4)
Added Component: Designator=R9(RV09-5)
Added Pin To Net: NetName=GND Pin=C1-1
Added Pin To Net: NetName=-12 Pin=C1-2
Added Pin To Net: NetName=GND Pin=C2-1
Added Pin To Net: NetName=+12 Pin=C2-2
Added Pin To Net: NetName=GND Pin=C3-1
Added Pin To Net: NetName=-12 Pin=C3-2
Added Pin To Net: NetName=GND Pin=C4-1
Added Pin To Net: NetName=+12 Pin=C4-2
Added Pin To Net: NetName=+12 Pin=C5-1
Added Pin To Net: NetName=GND Pin=C5-2
Added Pin To Net: NetName=+12 Pin=C6-1
Added Pin To Net: NetName=GND Pin=C6-2
Added Pin To Net: NetName=GND Pin=C7-1
Added Pin To Net: NetName=+12 Pin=C7-2
Added Pin To Net: NetName=GND Pin=C8-1
Added Pin To Net: NetName=+12 Pin=C8-2
Added Pin To Net: NetName=NetC9_1 Pin=C9-1
Added Pin To Net: NetName=VOICE_R Pin=C9-2
Added Pin To Net: NetName=NetC10_1 Pin=C10-1
Added Pin To Net: NetName=VOICE_R Pin=C10-2
Added Pin To Net: NetName=NetC11_1 Pin=C11-1
Added Pin To Net: NetName=NetC11_2 Pin=C11-2
Added Pin To Net: NetName=NetC12_1 Pin=C12-1
Added Pin To Net: NetName=VOUT1+ Pin=C12-2
Added Pin To Net: NetName=GND Pin=C13-1
Added Pin To Net: NetName=-12 Pin=C13-2
Added Pin To Net: NetName=GND Pin=C14-1
Added Pin To Net: NetName=-12 Pin=C14-2
Added Pin To Net: NetName=GND Pin=C15-1
Added Pin To Net: NetName=-12 Pin=C15-2
Added Pin To Net: NetName=GND Pin=C16-1
Added Pin To Net: NetName=-12 Pin=C16-2
Added Pin To Net: NetName=VOUT1+ Pin=D1-1
Added Pin To Net: NetName=+12 Pin=D1-2
Added Pin To Net: NetName=VOUT1- Pin=D2-1
Added Pin To Net: NetName=+12 Pin=D2-2
Added Pin To Net: NetName=-12 Pin=D3-1
Added Pin To Net: NetName=VOUT1+ Pin=D3-2
Added Pin To Net: NetName=-12 Pin=D4-1
Added Pin To Net: NetName=VOUT1- Pin=D4-2
Added Pin To Net: NetName=VOICE Pin=J1-1
Added Pin To Net: NetName=GND Pin=J1-2
Added Pin To Net: NetName=+12 Pin=J2-1
Added Pin To Net: NetName=GND Pin=J2-2
Added Pin To Net: NetName=-12 Pin=J2-3
Added Pin To Net: NetName=VOUT1+ Pin=J9-1
Added Pin To Net: NetName=VOUT1- Pin=J9-2
Added Pin To Net: NetName=VOUT1+ Pin=J9-3
Added Pin To Net: NetName=VOUT1- Pin=J9-4
Added Pin To Net: NetName=VOICE Pin=R9-1
Added Pin To Net: NetName=GND Pin=R9-2
Added Pin To Net: NetName=VOICE_R Pin=R9-3
Added Member To Class: ClassName=功放 Member=Component C1 CAP-E
Added Member To Class: ClassName=功放 Member=Component C2 CAP-E
Added Member To Class: ClassName=功放 Member=Component C3 CAP-0.1UF
Added Member To Class: ClassName=功放 Member=Component C4 CAP-0.1UF
Added Member To Class: ClassName=功放 Member=Component C5 CAP-E
Added Member To Class: ClassName=功放 Member=Component C6 CAP-E
Added Member To Class: ClassName=功放 Member=Component C7 CAP-0.1UF
Added Member To Class: ClassName=功放 Member=Component C8 CAP-0.1UF
Added Member To Class: ClassName=功放 Member=Component C9 CAP-T
Added Member To Class: ClassName=功放 Member=Component C10 CAP-T
Added Member To Class: ClassName=功放 Member=Component C11 CAP-T
Added Member To Class: ClassName=功放 Member=Component C12 CAP-T
Added Member To Class: ClassName=功放 Member=Component C13 CAP-0.1UF
Added Member To Class: ClassName=功放 Member=Component C14 CAP-0.1UF
Added Member To Class: ClassName=功放 Member=Component C15 CAP-T
Added Member To Class: ClassName=功放 Member=Component C16 CAP-T
Added Member To Class: ClassName=功放 Member=Component D1 D-1N4007
Added Member To Class: ClassName=功放 Member=Component D2 D-1N4007
Added Member To Class: ClassName=功放 Member=Component D3 D-1N4007
Added Member To Class: ClassName=功放 Member=Component D4 D-1N4007
Added Member To Class: ClassName=功放 Member=Component J1 CON2
Added Member To Class: ClassName=功放 Member=Component J2 CON3
Added Member To Class: ClassName=功放 Member=Component J9 CON4
Added Member To Class: ClassName=功放 Member=Component R9 R-GLIDE
