Added Component: Designator=C1(4700U/35V)
Added Component: Designator=C2(4700U/35V)
Added Component: Designator=C3(0805C)
Added Component: Designator=C4(0805C)
Added Component: Designator=C5(3528C)
Added Component: Designator=C6(3528C)
Added Component: Designator=C7(0805C)
Added Component: Designator=C8(0805C)
Added Component: Designator=C9(C3216)
Added Component: Designator=C11(C3216)
Added Component: Designator=C12(C3216)
Added Component: Designator=C13(0805C)
Added Component: Designator=C14(0805C)
Added Component: Designator=C15(C3216)
Added Component: Designator=C16(C3216)
Added Component: Designator=C17(RAD-0.3)
Added Component: Designator=C18(RAD-0.3)
Added Component: Designator=D1(M7)
Added Component: Designator=D2(M7)
Added Component: Designator=D3(M7)
Added Component: Designator=D4(M7)
Added Component: Designator=J1(VOICE-1)
Added Component: Designator=J2(POWER-1)
Added Component: Designator=J3(TDA2030)
Added Component: Designator=J4(TDA2030)
Added Component: Designator=J5(GDK)
Added Component: Designator=J6(GDK)
Added Component: Designator=J7(GDK)
Added Component: Designator=J8(GDK)
Added Component: Designator=J9(HB-95-4)
Added Component: Designator=R1(AXIAL-0.4)
Added Component: Designator=R2(AXIAL-0.4)
Added Component: Designator=R3(AXIAL-0.4)
Added Component: Designator=R4(AXIAL-0.4)
Added Component: Designator=R5(AXIAL-0.4)
Added Component: Designator=R6(AXIAL-0.4)
Added Component: Designator=R7(AXIAL-0.4)
Added Component: Designator=R8(AXIAL-0.4)
Added Component: Designator=R9(RV09-5)
Added Component: Designator=R11(AXIAL-0.4)
Added Pin To Net: NetName=+12 Pin=C2-1
Added Pin To Net: NetName=+12 Pin=C4-2
Added Pin To Net: NetName=+12 Pin=C5-1
Added Pin To Net: NetName=+12 Pin=C6-1
Added Pin To Net: NetName=+12 Pin=C7-2
Added Pin To Net: NetName=+12 Pin=C8-2
Added Pin To Net: NetName=+12 Pin=D1-2
Added Pin To Net: NetName=+12 Pin=D2-2
Added Pin To Net: NetName=+12 Pin=J2-1
Added Pin To Net: NetName=+12 Pin=J3-5
Added Pin To Net: NetName=+12 Pin=J4-5
Added Net: Name=+12
Added Pin To Net: NetName=-12 Pin=C1-2
Added Pin To Net: NetName=-12 Pin=C3-2
Added Pin To Net: NetName=-12 Pin=C13-2
Added Pin To Net: NetName=-12 Pin=C14-2
Added Pin To Net: NetName=-12 Pin=C15-2
Added Pin To Net: NetName=-12 Pin=C16-2
Added Pin To Net: NetName=-12 Pin=D3-1
Added Pin To Net: NetName=-12 Pin=D4-1
Added Pin To Net: NetName=-12 Pin=J2-3
Added Pin To Net: NetName=-12 Pin=J3-3
Added Pin To Net: NetName=-12 Pin=J4-3
Added Net: Name=-12
Added Pin To Net: NetName=GND Pin=C1-1
Added Pin To Net: NetName=GND Pin=C2-2
Added Pin To Net: NetName=GND Pin=C3-1
Added Pin To Net: NetName=GND Pin=C4-1
Added Pin To Net: NetName=GND Pin=C5-2
Added Pin To Net: NetName=GND Pin=C6-2
Added Pin To Net: NetName=GND Pin=C7-1
Added Pin To Net: NetName=GND Pin=C8-1
Added Pin To Net: NetName=GND Pin=C13-1
Added Pin To Net: NetName=GND Pin=C14-1
Added Pin To Net: NetName=GND Pin=C15-1
Added Pin To Net: NetName=GND Pin=C16-1
Added Pin To Net: NetName=GND Pin=J1-2
Added Pin To Net: NetName=GND Pin=J2-2
Added Pin To Net: NetName=GND Pin=R1-1
Added Pin To Net: NetName=GND Pin=R2-1
Added Pin To Net: NetName=GND Pin=R3-1
Added Pin To Net: NetName=GND Pin=R4-1
Added Pin To Net: NetName=GND Pin=R7-1
Added Pin To Net: NetName=GND Pin=R8-1
Added Pin To Net: NetName=GND Pin=R9-2
Added Net: Name=GND
Added Pin To Net: NetName=NetC9_1 Pin=C9-1
Added Pin To Net: NetName=NetC9_1 Pin=J3-1
Added Pin To Net: NetName=NetC9_1 Pin=R1-2
Added Net: Name=NetC9_1
Added Pin To Net: NetName=NetC11_1 Pin=C11-1
Added Pin To Net: NetName=NetC11_1 Pin=J3-2
Added Pin To Net: NetName=NetC11_1 Pin=R5-2
Added Net: Name=NetC11_1
Added Pin To Net: NetName=NetC11_2 Pin=C11-2
Added Pin To Net: NetName=NetC11_2 Pin=R3-2
Added Net: Name=NetC11_2
Added Pin To Net: NetName=NetC12_1 Pin=C12-1
Added Pin To Net: NetName=NetC12_1 Pin=J4-2
Added Pin To Net: NetName=NetC12_1 Pin=R6-2
Added Net: Name=NetC12_1
Added Pin To Net: NetName=NetC12_2 Pin=C12-2
Added Pin To Net: NetName=NetC12_2 Pin=R4-2
Added Pin To Net: NetName=NetC12_2 Pin=R11-2
Added Net: Name=NetC12_2
Added Pin To Net: NetName=NetC17_1 Pin=C17-1
Added Pin To Net: NetName=NetC17_1 Pin=R7-2
Added Net: Name=NetC17_1
Added Pin To Net: NetName=NetC18_1 Pin=C18-1
Added Pin To Net: NetName=NetC18_1 Pin=R8-2
Added Net: Name=NetC18_1
Added Pin To Net: NetName=NetJ4_1 Pin=J4-1
Added Pin To Net: NetName=NetJ4_1 Pin=R2-2
Added Net: Name=NetJ4_1
Added Pin To Net: NetName=VOICE_R Pin=C9-2
Added Pin To Net: NetName=VOICE_R Pin=R9-3
Added Net: Name=VOICE_R
Added Pin To Net: NetName=VOICE Pin=J1-1
Added Pin To Net: NetName=VOICE Pin=R9-1
Added Net: Name=VOICE
Added Pin To Net: NetName=VOUT1+ Pin=C17-2
Added Pin To Net: NetName=VOUT1+ Pin=D1-1
Added Pin To Net: NetName=VOUT1+ Pin=D3-2
Added Pin To Net: NetName=VOUT1+ Pin=J3-4
Added Pin To Net: NetName=VOUT1+ Pin=J9-1
Added Pin To Net: NetName=VOUT1+ Pin=J9-3
Added Pin To Net: NetName=VOUT1+ Pin=R5-1
Added Pin To Net: NetName=VOUT1+ Pin=R11-1
Added Net: Name=VOUT1+
Added Pin To Net: NetName=VOUT1- Pin=C18-2
Added Pin To Net: NetName=VOUT1- Pin=D2-1
Added Pin To Net: NetName=VOUT1- Pin=D4-2
Added Pin To Net: NetName=VOUT1- Pin=J4-4
Added Pin To Net: NetName=VOUT1- Pin=J9-2
Added Pin To Net: NetName=VOUT1- Pin=J9-4
Added Pin To Net: NetName=VOUT1- Pin=R6-1
Added Net: Name=VOUT1-
Added Class: Name=功放
Added Room: Name=功放
