Change Component DesignItemId : Designator=C1 Old DesignItemId=C New DesignItemId=CAP-E
Change Component DesignItemId : Designator=C2 Old DesignItemId=C New DesignItemId=CAP-E
Change Component DesignItemId : Designator=C5 Old DesignItemId=C New DesignItemId=CAP-E
Change Component DesignItemId : Designator=C6 Old DesignItemId=C New DesignItemId=CAP-E
Change Component DesignItemId : Designator=R9 Old DesignItemId=R-G New DesignItemId=R-GLIDE
Change Component DesignItemId : Designator=J3 Old DesignItemId=TDA New DesignItemId=TDA2030
Change Component DesignItemId : Designator=J4 Old DesignItemId=TDA New DesignItemId=TDA2030
Change Component Footprint: Designator=R1 Old Footprint=AXIAL-0.4 New Footprint=0805R
Change Component Footprint: Designator=R2 Old Footprint=AXIAL-0.4 New Footprint=0805R
Change Component Footprint: Designator=R3 Old Footprint=AXIAL-0.4 New Footprint=0805R
Change Component Footprint: Designator=R4 Old Footprint=AXIAL-0.4 New Footprint=0805R
Change Component Footprint: Designator=R5 Old Footprint=AXIAL-0.4 New Footprint=0805R
Change Component Footprint: Designator=R6 Old Footprint=AXIAL-0.4 New Footprint=0805R
Change Component Footprint: Designator=R7 Old Footprint=AXIAL-0.4 New Footprint=0805R
Change Component Footprint: Designator=R8 Old Footprint=AXIAL-0.4 New Footprint=0805R
Change Component Footprint: Designator=R11 Old Footprint=AXIAL-0.4 New Footprint=0805R
Change Component Description : Designator=C1 Old Description= New Description=电解电容
Change Component Description : Designator=C2 Old Description= New Description=电解电容
Change Component Description : Designator=C5 Old Description= New Description=电解电容
Change Component Description : Designator=C6 Old Description= New Description=电解电容
Change Component Description : Designator=C9 Old Description= New Description=钽电容
Change Component Description : Designator=C11 Old Description= New Description=钽电容
Change Component Description : Designator=C12 Old Description= New Description=钽电容
Change Component Description : Designator=C15 Old Description= New Description=钽电容
Change Component Description : Designator=C16 Old Description= New Description=钽电容
Change Component Description : Designator=J1 Old Description=Conne New Description=Connector
Change Component Description : Designator=J2 Old Description=Conne New Description=Connector
Change Component Description : Designator=J5 Old Description=Conne New Description=Connector
Change Component Description : Designator=J6 Old Description=Conne New Description=Connector
Change Component Description : Designator=J7 Old Description=Conne New Description=Connector
Change Component Description : Designator=J8 Old Description=Conne New Description=Connector
Change Component Description : Designator=J9 Old Description=Conne New Description=Connector
Change Component Description : Designator=D1 Old Description=D New Description=Diode
Change Component Description : Designator=D2 Old Description=D New Description=Diode
Change Component Description : Designator=D3 Old Description=D New Description=Diode
Change Component Description : Designator=D4 Old Description=D New Description=Diode
Change Component Description : Designator=C3 Old Description=SMD New Description=SMD-CAP
Change Component Description : Designator=C4 Old Description=SMD New Description=SMD-CAP
Change Component Description : Designator=C7 Old Description=SMD New Description=SMD-CAP
Change Component Description : Designator=C8 Old Description=SMD New Description=SMD-CAP
Change Component Description : Designator=C13 Old Description=SMD New Description=SMD-CAP
Change Component Description : Designator=C14 Old Description=SMD New Description=SMD-CAP
