Added Component: Designator=C17(RAD-0.3)
Added Component: Designator=C18(RAD-0.3)
Added Component: Designator=R1(AXIAL-0.4)
Added Component: Designator=R2(AXIAL-0.4)
Added Component: Designator=R3(AXIAL-0.4)
Added Component: Designator=R4(AXIAL-0.4)
Added Component: Designator=R5(AXIAL-0.4)
Added Component: Designator=R6(AXIAL-0.4)
Added Component: Designator=R7(AXIAL-0.4)
Added Component: Designator=R8(AXIAL-0.4)
Added Net: Name=+12
Added Net: Name=-12
Added Pin To Net: NetName=GND Pin=R1-1
Added Pin To Net: NetName=GND Pin=R2-1
Added Pin To Net: NetName=GND Pin=R3-1
Added Pin To Net: NetName=GND Pin=R4-1
Added Pin To Net: NetName=GND Pin=R7-1
Added Pin To Net: NetName=GND Pin=R8-1
Added Net: Name=GND
Added Pin To Net: NetName=NetC9_1 Pin=R1-2
Added Net: Name=NetC9_1
Added Pin To Net: NetName=NetC10_1 Pin=R2-2
Added Net: Name=NetC10_1
Added Pin To Net: NetName=NetC11_1 Pin=R5-2
Added Net: Name=NetC11_1
Added Pin To Net: NetName=NetC11_2 Pin=R3-2
Added Net: Name=NetC11_2
Added Pin To Net: NetName=NetC12_1 Pin=R6-2
Added Net: Name=NetC12_1
Added Pin To Net: NetName=NetC17_1 Pin=C17-1
Added Pin To Net: NetName=NetC17_1 Pin=R7-2
Added Net: Name=NetC17_1
Added Pin To Net: NetName=NetC18_1 Pin=C18-1
Added Pin To Net: NetName=NetC18_1 Pin=R8-2
Added Net: Name=NetC18_1
Added Net: Name=VOICE_R
Added Net: Name=VOICE
Added Pin To Net: NetName=VOUT1+ Pin=C17-2
Added Pin To Net: NetName=VOUT1+ Pin=R4-2
Added Pin To Net: NetName=VOUT1+ Pin=R5-1
Added Net: Name=VOUT1+
Added Pin To Net: NetName=VOUT1- Pin=C18-2
Added Pin To Net: NetName=VOUT1- Pin=R6-1
Added Net: Name=VOUT1-
Added Class: Name=功放
Added Room: Name=功放
