Replace Part C1 CAP-E in C:\Users\jason\Desktop\短学期\Project\功放.SchDoc with CAP-E from gf-sch.SchLib
Replace Part C2 CAP-E in C:\Users\jason\Desktop\短学期\Project\功放.SchDoc with CAP-E from gf-sch.SchLib
Replace Part C3 CAP-0.1UF in C:\Users\jason\Desktop\短学期\Project\功放.SchDoc with CAP-0.1UF from gf-sch.SchLib
Replace Part C4 CAP-0.1UF in C:\Users\jason\Desktop\短学期\Project\功放.SchDoc with CAP-0.1UF from gf-sch.SchLib
Replace Part C5 CAP-E in C:\Users\jason\Desktop\短学期\Project\功放.SchDoc with CAP-E from gf-sch.SchLib
Replace Part C6 CAP-E in C:\Users\jason\Desktop\短学期\Project\功放.SchDoc with CAP-E from gf-sch.SchLib
Replace Part C7 CAP-0.1UF in C:\Users\jason\Desktop\短学期\Project\功放.SchDoc with CAP-0.1UF from gf-sch.SchLib
Replace Part C8 CAP-0.1UF in C:\Users\jason\Desktop\短学期\Project\功放.SchDoc with CAP-0.1UF from gf-sch.SchLib
Replace Part C13 CAP-0.1UF in C:\Users\jason\Desktop\短学期\Project\功放.SchDoc with CAP-0.1UF from gf-sch.SchLib
Replace Part C14 CAP-0.1UF in C:\Users\jason\Desktop\短学期\Project\功放.SchDoc with CAP-0.1UF from gf-sch.SchLib
Replace Part C17 Cap in C:\Users\jason\Desktop\短学期\Project\功放.SchDoc with Cap from Miscellaneous Devices.IntLib
Replace Part C18 Cap in C:\Users\jason\Desktop\短学期\Project\功放.SchDoc with Cap from Miscellaneous Devices.IntLib
Replace Part D1 D-1N4007 in C:\Users\jason\Desktop\短学期\Project\功放.SchDoc with D-1N4007 from gf-sch.SchLib
Replace Part D2 D-1N4007 in C:\Users\jason\Desktop\短学期\Project\功放.SchDoc with D-1N4007 from gf-sch.SchLib
Replace Part D3 D-1N4007 in C:\Users\jason\Desktop\短学期\Project\功放.SchDoc with D-1N4007 from gf-sch.SchLib
Replace Part D4 D-1N4007 in C:\Users\jason\Desktop\短学期\Project\功放.SchDoc with D-1N4007 from gf-sch.SchLib
Replace Part J1 CON2 in C:\Users\jason\Desktop\短学期\Project\功放.SchDoc with CON2 from gf-sch.SchLib
Replace Part J2 CON3 in C:\Users\jason\Desktop\短学期\Project\功放.SchDoc with CON3 from gf-sch.SchLib
Replace Part J3 TDA2030 in C:\Users\jason\Desktop\短学期\Project\功放.SchDoc with TDA2030 from gf-sch.SchLib
Replace Part J4 TDA2030 in C:\Users\jason\Desktop\短学期\Project\功放.SchDoc with TDA2030 from gf-sch.SchLib
Replace Part J5 CON1 in C:\Users\jason\Desktop\短学期\Project\功放.SchDoc with CON1 from mian.SchLib
Replace Part J6 CON1 in C:\Users\jason\Desktop\短学期\Project\功放.SchDoc with CON1 from mian.SchLib
Replace Part J7 CON1 in C:\Users\jason\Desktop\短学期\Project\功放.SchDoc with CON1 from mian.SchLib
Replace Part J8 CON1 in C:\Users\jason\Desktop\短学期\Project\功放.SchDoc with CON1 from mian.SchLib
Replace Part J9 CON4 in C:\Users\jason\Desktop\短学期\Project\功放.SchDoc with CON4 from gf-sch.SchLib
Replace Part R1 Res2 in C:\Users\jason\Desktop\短学期\Project\功放.SchDoc with Res2 from Miscellaneous Devices.IntLib
Replace Part R2 Res2 in C:\Users\jason\Desktop\短学期\Project\功放.SchDoc with Res2 from Miscellaneous Devices.IntLib
Replace Part R3 Res2 in C:\Users\jason\Desktop\短学期\Project\功放.SchDoc with Res2 from Miscellaneous Devices.IntLib
Replace Part R4 Res2 in C:\Users\jason\Desktop\短学期\Project\功放.SchDoc with Res2 from Miscellaneous Devices.IntLib
Replace Part R5 Res2 in C:\Users\jason\Desktop\短学期\Project\功放.SchDoc with Res2 from Miscellaneous Devices.IntLib
Replace Part R6 Res2 in C:\Users\jason\Desktop\短学期\Project\功放.SchDoc with Res2 from Miscellaneous Devices.IntLib
Replace Part R7 Res2 in C:\Users\jason\Desktop\短学期\Project\功放.SchDoc with Res2 from Miscellaneous Devices.IntLib
Replace Part R8 Res2 in C:\Users\jason\Desktop\短学期\Project\功放.SchDoc with Res2 from Miscellaneous Devices.IntLib
Replace Part R9 R-GLIDE in C:\Users\jason\Desktop\短学期\Project\功放.SchDoc with R-GLIDE from gf-sch.SchLib
